<?xml version="1.0" encoding="UTF-8"?>
<!-- Generated by org.testng.reporters.JUnitReportReporter -->
<testsuite hostname="SarthakDell" failures="0" tests="1" name="com.automation.ScreenRecording.Tn_LoginTest" time="9.786" errors="0" timestamp="2023-09-10T19:47:55 GMT-04:00" skipped="0">
  <testcase classname="com.automation.ScreenRecording.Tn_LoginTest" name="loginTest" time="9.786"/>
</testsuite> <!-- com.automation.ScreenRecording.Tn_LoginTest -->
